c:\users\hanuman\desktop\r & d\dos_attack_in_iot_v12.2\dos_attack_iot_workspace\src\simulation\ethernet\x64\debug\vc142.pdb
c:\users\hanuman\desktop\r & d\dos_attack_in_iot_v12.2\dos_attack_iot_workspace\src\simulation\ethernet\x64\debug\vc142.idb
c:\users\hanuman\desktop\r & d\dos_attack_in_iot_v12.2\dos_attack_iot_workspace\src\simulation\ethernet\x64\debug\vlan.obj
c:\users\hanuman\desktop\r & d\dos_attack_in_iot_v12.2\dos_attack_iot_workspace\src\simulation\ethernet\x64\debug\switchtable.obj
c:\users\hanuman\desktop\r & d\dos_attack_in_iot_v12.2\dos_attack_iot_workspace\src\simulation\ethernet\x64\debug\spanningtree.obj
c:\users\hanuman\desktop\r & d\dos_attack_in_iot_v12.2\dos_attack_iot_workspace\src\simulation\ethernet\x64\debug\ethernet_phy.obj
c:\users\hanuman\desktop\r & d\dos_attack_in_iot_v12.2\dos_attack_iot_workspace\src\simulation\ethernet\x64\debug\ethernet_mac.obj
c:\users\hanuman\desktop\r & d\dos_attack_in_iot_v12.2\dos_attack_iot_workspace\src\simulation\ethernet\x64\debug\ethernet_enum.obj
c:\users\hanuman\desktop\r & d\dos_attack_in_iot_v12.2\dos_attack_iot_workspace\src\simulation\ethernet\x64\debug\ethernet.obj
c:\users\hanuman\desktop\r & d\dos_attack_in_iot_v12.2\dos_attack_iot_workspace\bin\bin_x64\ethernet.lib
c:\users\hanuman\desktop\r & d\dos_attack_in_iot_v12.2\dos_attack_iot_workspace\bin\bin_x64\ethernet.exp
c:\users\hanuman\desktop\r & d\dos_attack_in_iot_v12.2\dos_attack_iot_workspace\bin\bin_x64\libethernet.dll
c:\users\hanuman\desktop\r & d\dos_attack_in_iot_v12.2\dos_attack_iot_workspace\bin\bin_x64\ethernet.pdb
c:\users\hanuman\desktop\r & d\dos_attack_in_iot_v12.2\dos_attack_iot_workspace\src\simulation\ethernet\x64\debug\ethernet.tlog\cl.command.1.tlog
c:\users\hanuman\desktop\r & d\dos_attack_in_iot_v12.2\dos_attack_iot_workspace\src\simulation\ethernet\x64\debug\ethernet.tlog\cl.read.1.tlog
c:\users\hanuman\desktop\r & d\dos_attack_in_iot_v12.2\dos_attack_iot_workspace\src\simulation\ethernet\x64\debug\ethernet.tlog\cl.write.1.tlog
c:\users\hanuman\desktop\r & d\dos_attack_in_iot_v12.2\dos_attack_iot_workspace\src\simulation\ethernet\x64\debug\ethernet.tlog\ethernet.write.1u.tlog
c:\users\hanuman\desktop\r & d\dos_attack_in_iot_v12.2\dos_attack_iot_workspace\src\simulation\ethernet\x64\debug\ethernet.tlog\link.command.1.tlog
c:\users\hanuman\desktop\r & d\dos_attack_in_iot_v12.2\dos_attack_iot_workspace\src\simulation\ethernet\x64\debug\ethernet.tlog\link.read.1.tlog
c:\users\hanuman\desktop\r & d\dos_attack_in_iot_v12.2\dos_attack_iot_workspace\src\simulation\ethernet\x64\debug\ethernet.tlog\link.write.1.tlog
