C:\Program Files (x86)\Microsoft Visual Studio\2019\Community\MSBuild\Microsoft\VC\v160\Microsoft.CppBuild.targets(477,5): warning MSB8004: Output Directory does not end with a trailing slash.  This build instance will add the slash as it is required to allow proper evaluation of the Output Directory.
  Ethernet.c
C:\Users\Hanuman\Desktop\R & D\DOS_Attack_in_IoT_v12.2\DOS_Attack_IoT_WorkSpace\src\Simulation\Ethernet\Ethernet.c(18,44): warning C4028: formal parameter 1 different from declaration
  Ethernet_enum.c
  Ethernet_Mac.c
  Ethernet_Phy.c
  SpanningTree.c
  SwitchTable.c
  Vlan.c
  Generating Code...
C:\Program Files (x86)\Microsoft Visual Studio\2019\Community\MSBuild\Microsoft\VC\v160\Microsoft.CppBuild.targets(1316,5): warning MSB8012: TargetPath(C:\Users\Hanuman\Desktop\R & D\DOS_Attack_in_IoT_v12.2\DOS_Attack_IoT_WorkSpace\src\Simulation\Ethernet\..\..\..\bin\bin_x64\Ethernet.dll) does not match the Linker's OutputFile property value (C:\Users\Hanuman\Desktop\R & D\DOS_Attack_in_IoT_v12.2\DOS_Attack_IoT_WorkSpace\bin\bin_x64\libEthernet.dll). This may cause your project to build incorrectly. To correct this, please make sure that $(OutDir), $(TargetName) and $(TargetExt) property values match the value specified in %(Link.OutputFile).
C:\Program Files (x86)\Microsoft Visual Studio\2019\Community\MSBuild\Microsoft\VC\v160\Microsoft.CppBuild.targets(1318,5): warning MSB8012: TargetName(Ethernet) does not match the Linker's OutputFile property value (libEthernet). This may cause your project to build incorrectly. To correct this, please make sure that $(OutDir), $(TargetName) and $(TargetExt) property values match the value specified in %(Link.OutputFile).
Ethernet.obj : warning LNK4075: ignoring '/EDITANDCONTINUE' due to '/INCREMENTAL:NO' specification
  Ethernet.lib(libEthernet.obj) : MSIL .netmodule or module compiled with /GL found; restarting link with /LTCG; add /LTCG to the link command line to improve linker performance
Ethernet.obj : warning LNK4075: ignoring '/EDITANDCONTINUE' due to '/INCREMENTAL:NO' specification
     Creating library ..\..\..\bin\bin_x64\Ethernet.lib and object ..\..\..\bin\bin_x64\Ethernet.exp
LINK : warning LNK4098: defaultlib 'MSVCRT' conflicts with use of other libs; use /NODEFAULTLIB:library
  Generating code
  Finished generating code
Ethernet.lib(libEthernet.obj) : warning LNK4099: PDB 'EthernetLib.pdb' was not found with 'Ethernet.lib(libEthernet.obj)' or at 'C:\Users\Hanuman\Desktop\R & D\DOS_Attack_in_IoT_v12.2\DOS_Attack_IoT_WorkSpace\bin\bin_x64\EthernetLib.pdb'; linking object as if no debug info
list.lib(List.obj) : warning LNK4099: PDB 'List.pdb' was not found with 'list.lib(List.obj)' or at 'C:\Users\Hanuman\Desktop\R & D\DOS_Attack_in_IoT_v12.2\DOS_Attack_IoT_WorkSpace\bin\bin_x64\List.pdb'; linking object as if no debug info
  Ethernet.vcxproj -> C:\Users\Hanuman\Desktop\R & D\DOS_Attack_in_IoT_v12.2\DOS_Attack_IoT_WorkSpace\src\Simulation\Ethernet\..\..\..\bin\bin_x64\Ethernet.dll
